CRITICAL - 2024-02-26 08:08:49 --> Error: Call to undefined function App\Controllers\echo_view()
in APPPATH\Controllers\Home.php on line 15.
 1 SYSTEMPATH\CodeIgniter.php(941): App\Controllers\Home->index()
 2 SYSTEMPATH\CodeIgniter.php(502): CodeIgniter\CodeIgniter->runController(Object(App\Controllers\Home))
 3 SYSTEMPATH\CodeIgniter.php(361): CodeIgniter\CodeIgniter->handleRequest(null, Object(Config\Cache), false)
 4 FCPATH\index.php(79): CodeIgniter\CodeIgniter->run()
 5 SYSTEMPATH\Commands\Server\rewrite.php(47): require_once('C:\\xampp\\htdocs\\examples\\public\\index.php')
CRITICAL - 2024-02-26 08:09:03 --> TypeError: App\Controllers\Home::index(): Return value must be of type string, none returned
in APPPATH\Controllers\Home.php on line 18.
 1 SYSTEMPATH\CodeIgniter.php(941): App\Controllers\Home->index()
 2 SYSTEMPATH\CodeIgniter.php(502): CodeIgniter\CodeIgniter->runController(Object(App\Controllers\Home))
 3 SYSTEMPATH\CodeIgniter.php(361): CodeIgniter\CodeIgniter->handleRequest(null, Object(Config\Cache), false)
 4 FCPATH\index.php(79): CodeIgniter\CodeIgniter->run()
 5 SYSTEMPATH\Commands\Server\rewrite.php(47): require_once('C:\\xampp\\htdocs\\examples\\public\\index.php')
CRITICAL - 2024-02-26 08:20:50 --> CodeIgniter\View\Exceptions\ViewException: Invalid file: "template/v_header.php"
in SYSTEMPATH\Exceptions\FrameworkException.php on line 39.
 1 SYSTEMPATH\View\View.php(216): CodeIgniter\Exceptions\FrameworkException::forInvalidFile('template/v_header.php')
 2 SYSTEMPATH\Common.php(1178): CodeIgniter\View\View->render('template/v_header', [], true)
 3 APPPATH\Controllers\Home.php(15): view('template/v_header', [...])
 4 SYSTEMPATH\CodeIgniter.php(941): App\Controllers\Home->index()
 5 SYSTEMPATH\CodeIgniter.php(502): CodeIgniter\CodeIgniter->runController(Object(App\Controllers\Home))
 6 SYSTEMPATH\CodeIgniter.php(361): CodeIgniter\CodeIgniter->handleRequest(null, Object(Config\Cache), false)
 7 FCPATH\index.php(79): CodeIgniter\CodeIgniter->run()
 8 SYSTEMPATH\Commands\Server\rewrite.php(47): require_once('C:\\xampp\\htdocs\\examples\\public\\index.php')
CRITICAL - 2024-02-26 08:22:06 --> CodeIgniter\View\Exceptions\ViewException: Invalid file: "template/v_header.php"
in SYSTEMPATH\Exceptions\FrameworkException.php on line 39.
 1 SYSTEMPATH\View\View.php(216): CodeIgniter\Exceptions\FrameworkException::forInvalidFile('template/v_header.php')
 2 SYSTEMPATH\Common.php(1178): CodeIgniter\View\View->render('template/v_header', [], true)
 3 APPPATH\Controllers\Home.php(15): view('template/v_header', [...])
 4 SYSTEMPATH\CodeIgniter.php(941): App\Controllers\Home->index()
 5 SYSTEMPATH\CodeIgniter.php(502): CodeIgniter\CodeIgniter->runController(Object(App\Controllers\Home))
 6 SYSTEMPATH\CodeIgniter.php(361): CodeIgniter\CodeIgniter->handleRequest(null, Object(Config\Cache), false)
 7 FCPATH\index.php(79): CodeIgniter\CodeIgniter->run()
 8 SYSTEMPATH\Commands\Server\rewrite.php(47): require_once('C:\\xampp\\htdocs\\examples\\public\\index.php')
CRITICAL - 2024-02-26 08:22:07 --> CodeIgniter\View\Exceptions\ViewException: Invalid file: "template/v_header.php"
in SYSTEMPATH\Exceptions\FrameworkException.php on line 39.
 1 SYSTEMPATH\View\View.php(216): CodeIgniter\Exceptions\FrameworkException::forInvalidFile('template/v_header.php')
 2 SYSTEMPATH\Common.php(1178): CodeIgniter\View\View->render('template/v_header', [], true)
 3 APPPATH\Controllers\Home.php(15): view('template/v_header', [...])
 4 SYSTEMPATH\CodeIgniter.php(941): App\Controllers\Home->index()
 5 SYSTEMPATH\CodeIgniter.php(502): CodeIgniter\CodeIgniter->runController(Object(App\Controllers\Home))
 6 SYSTEMPATH\CodeIgniter.php(361): CodeIgniter\CodeIgniter->handleRequest(null, Object(Config\Cache), false)
 7 FCPATH\index.php(79): CodeIgniter\CodeIgniter->run()
 8 SYSTEMPATH\Commands\Server\rewrite.php(47): require_once('C:\\xampp\\htdocs\\examples\\public\\index.php')
CRITICAL - 2024-02-26 08:22:08 --> CodeIgniter\View\Exceptions\ViewException: Invalid file: "template/v_header.php"
in SYSTEMPATH\Exceptions\FrameworkException.php on line 39.
 1 SYSTEMPATH\View\View.php(216): CodeIgniter\Exceptions\FrameworkException::forInvalidFile('template/v_header.php')
 2 SYSTEMPATH\Common.php(1178): CodeIgniter\View\View->render('template/v_header', [], true)
 3 APPPATH\Controllers\Home.php(15): view('template/v_header', [...])
 4 SYSTEMPATH\CodeIgniter.php(941): App\Controllers\Home->index()
 5 SYSTEMPATH\CodeIgniter.php(502): CodeIgniter\CodeIgniter->runController(Object(App\Controllers\Home))
 6 SYSTEMPATH\CodeIgniter.php(361): CodeIgniter\CodeIgniter->handleRequest(null, Object(Config\Cache), false)
 7 FCPATH\index.php(79): CodeIgniter\CodeIgniter->run()
 8 SYSTEMPATH\Commands\Server\rewrite.php(47): require_once('C:\\xampp\\htdocs\\examples\\public\\index.php')
CRITICAL - 2024-02-26 08:22:08 --> CodeIgniter\View\Exceptions\ViewException: Invalid file: "template/v_header.php"
in SYSTEMPATH\Exceptions\FrameworkException.php on line 39.
 1 SYSTEMPATH\View\View.php(216): CodeIgniter\Exceptions\FrameworkException::forInvalidFile('template/v_header.php')
 2 SYSTEMPATH\Common.php(1178): CodeIgniter\View\View->render('template/v_header', [], true)
 3 APPPATH\Controllers\Home.php(15): view('template/v_header', [...])
 4 SYSTEMPATH\CodeIgniter.php(941): App\Controllers\Home->index()
 5 SYSTEMPATH\CodeIgniter.php(502): CodeIgniter\CodeIgniter->runController(Object(App\Controllers\Home))
 6 SYSTEMPATH\CodeIgniter.php(361): CodeIgniter\CodeIgniter->handleRequest(null, Object(Config\Cache), false)
 7 FCPATH\index.php(79): CodeIgniter\CodeIgniter->run()
 8 SYSTEMPATH\Commands\Server\rewrite.php(47): require_once('C:\\xampp\\htdocs\\examples\\public\\index.php')
CRITICAL - 2024-02-26 08:22:08 --> CodeIgniter\View\Exceptions\ViewException: Invalid file: "template/v_header.php"
in SYSTEMPATH\Exceptions\FrameworkException.php on line 39.
 1 SYSTEMPATH\View\View.php(216): CodeIgniter\Exceptions\FrameworkException::forInvalidFile('template/v_header.php')
 2 SYSTEMPATH\Common.php(1178): CodeIgniter\View\View->render('template/v_header', [], true)
 3 APPPATH\Controllers\Home.php(15): view('template/v_header', [...])
 4 SYSTEMPATH\CodeIgniter.php(941): App\Controllers\Home->index()
 5 SYSTEMPATH\CodeIgniter.php(502): CodeIgniter\CodeIgniter->runController(Object(App\Controllers\Home))
 6 SYSTEMPATH\CodeIgniter.php(361): CodeIgniter\CodeIgniter->handleRequest(null, Object(Config\Cache), false)
 7 FCPATH\index.php(79): CodeIgniter\CodeIgniter->run()
 8 SYSTEMPATH\Commands\Server\rewrite.php(47): require_once('C:\\xampp\\htdocs\\examples\\public\\index.php')
CRITICAL - 2024-02-26 09:10:42 --> CodeIgniter\View\Exceptions\ViewException: Invalid file: "ViginereCipher/index.php"
in SYSTEMPATH\Exceptions\FrameworkException.php on line 39.
 1 SYSTEMPATH\View\View.php(216): CodeIgniter\Exceptions\FrameworkException::forInvalidFile('ViginereCipher/index.php')
 2 SYSTEMPATH\Common.php(1178): CodeIgniter\View\View->render('ViginereCipher/index', [], true)
 3 APPPATH\Controllers\VigenereCipher.php(17): view('ViginereCipher/index', [...])
 4 SYSTEMPATH\CodeIgniter.php(941): App\Controllers\VigenereCipher->index()
 5 SYSTEMPATH\CodeIgniter.php(502): CodeIgniter\CodeIgniter->runController(Object(App\Controllers\VigenereCipher))
 6 SYSTEMPATH\CodeIgniter.php(361): CodeIgniter\CodeIgniter->handleRequest(null, Object(Config\Cache), false)
 7 FCPATH\index.php(79): CodeIgniter\CodeIgniter->run()
 8 SYSTEMPATH\Commands\Server\rewrite.php(47): require_once('C:\\xampp\\htdocs\\examples\\public\\index.php')
CRITICAL - 2024-02-26 09:13:57 --> CodeIgniter\View\Exceptions\ViewException: Invalid file: "VigereCipher/index.php"
in SYSTEMPATH\Exceptions\FrameworkException.php on line 39.
 1 SYSTEMPATH\View\View.php(216): CodeIgniter\Exceptions\FrameworkException::forInvalidFile('VigereCipher/index.php')
 2 SYSTEMPATH\Common.php(1178): CodeIgniter\View\View->render('VigereCipher/index', [], true)
 3 APPPATH\Controllers\VigenereCipher.php(20): view('VigereCipher/index', [...])
 4 SYSTEMPATH\CodeIgniter.php(941): App\Controllers\VigenereCipher->index()
 5 SYSTEMPATH\CodeIgniter.php(502): CodeIgniter\CodeIgniter->runController(Object(App\Controllers\VigenereCipher))
 6 SYSTEMPATH\CodeIgniter.php(361): CodeIgniter\CodeIgniter->handleRequest(null, Object(Config\Cache), false)
 7 FCPATH\index.php(79): CodeIgniter\CodeIgniter->run()
 8 SYSTEMPATH\Commands\Server\rewrite.php(47): require_once('C:\\xampp\\htdocs\\examples\\public\\index.php')
CRITICAL - 2024-02-26 14:12:07 --> ErrorException: require(./Methodviginere.php): Failed to open stream: No such file or directory
in APPPATH\Views\VigenereCipher\index.php on line 3.
 1 APPPATH\Views\VigenereCipher\index.php(3): CodeIgniter\Debug\Exceptions->errorHandler(2, 'require(./Methodviginere.php): Failed to open stream: No such file or directory', 'C:\\xampp\\htdocs\\examples\\app\\Views\\VigenereCipher\\index.php', 3)
 2 APPPATH\Views\VigenereCipher\index.php(3): require()
 3 SYSTEMPATH\View\View.php(228): include('C:\\xampp\\htdocs\\examples\\app\\Views\\VigenereCipher\\index.php')
 4 SYSTEMPATH\View\View.php(231): CodeIgniter\View\View->CodeIgniter\View\{closure}()
 5 SYSTEMPATH\Common.php(1178): CodeIgniter\View\View->render('VigenereCipher/index', [], true)
 6 APPPATH\Controllers\VigenereCipher.php(20): view('VigenereCipher/index', [...])
 7 SYSTEMPATH\CodeIgniter.php(941): App\Controllers\VigenereCipher->index()
 8 SYSTEMPATH\CodeIgniter.php(502): CodeIgniter\CodeIgniter->runController(Object(App\Controllers\VigenereCipher))
 9 SYSTEMPATH\CodeIgniter.php(361): CodeIgniter\CodeIgniter->handleRequest(null, Object(Config\Cache), false)
10 FCPATH\index.php(79): CodeIgniter\CodeIgniter->run()
11 SYSTEMPATH\Commands\Server\rewrite.php(47): require_once('C:\\xampp\\htdocs\\examples\\public\\index.php')
CRITICAL - 2024-02-26 14:12:23 --> ErrorException: require(./Methodvigenere.php): Failed to open stream: No such file or directory
in APPPATH\Views\VigenereCipher\index.php on line 3.
 1 APPPATH\Views\VigenereCipher\index.php(3): CodeIgniter\Debug\Exceptions->errorHandler(2, 'require(./Methodvigenere.php): Failed to open stream: No such file or directory', 'C:\\xampp\\htdocs\\examples\\app\\Views\\VigenereCipher\\index.php', 3)
 2 APPPATH\Views\VigenereCipher\index.php(3): require()
 3 SYSTEMPATH\View\View.php(228): include('C:\\xampp\\htdocs\\examples\\app\\Views\\VigenereCipher\\index.php')
 4 SYSTEMPATH\View\View.php(231): CodeIgniter\View\View->CodeIgniter\View\{closure}()
 5 SYSTEMPATH\Common.php(1178): CodeIgniter\View\View->render('VigenereCipher/index', [], true)
 6 APPPATH\Controllers\VigenereCipher.php(20): view('VigenereCipher/index', [...])
 7 SYSTEMPATH\CodeIgniter.php(941): App\Controllers\VigenereCipher->index()
 8 SYSTEMPATH\CodeIgniter.php(502): CodeIgniter\CodeIgniter->runController(Object(App\Controllers\VigenereCipher))
 9 SYSTEMPATH\CodeIgniter.php(361): CodeIgniter\CodeIgniter->handleRequest(null, Object(Config\Cache), false)
10 FCPATH\index.php(79): CodeIgniter\CodeIgniter->run()
11 SYSTEMPATH\Commands\Server\rewrite.php(47): require_once('C:\\xampp\\htdocs\\examples\\public\\index.php')
CRITICAL - 2024-02-26 14:12:35 --> ErrorException: require(./Methodvigenere.php): Failed to open stream: No such file or directory
in APPPATH\Views\VigenereCipher\index.php on line 3.
 1 APPPATH\Views\VigenereCipher\index.php(3): CodeIgniter\Debug\Exceptions->errorHandler(2, 'require(./Methodvigenere.php): Failed to open stream: No such file or directory', 'C:\\xampp\\htdocs\\examples\\app\\Views\\VigenereCipher\\index.php', 3)
 2 APPPATH\Views\VigenereCipher\index.php(3): require()
 3 SYSTEMPATH\View\View.php(228): include('C:\\xampp\\htdocs\\examples\\app\\Views\\VigenereCipher\\index.php')
 4 SYSTEMPATH\View\View.php(231): CodeIgniter\View\View->CodeIgniter\View\{closure}()
 5 SYSTEMPATH\Common.php(1178): CodeIgniter\View\View->render('VigenereCipher/index', [], true)
 6 APPPATH\Controllers\VigenereCipher.php(20): view('VigenereCipher/index', [...])
 7 SYSTEMPATH\CodeIgniter.php(941): App\Controllers\VigenereCipher->index()
 8 SYSTEMPATH\CodeIgniter.php(502): CodeIgniter\CodeIgniter->runController(Object(App\Controllers\VigenereCipher))
 9 SYSTEMPATH\CodeIgniter.php(361): CodeIgniter\CodeIgniter->handleRequest(null, Object(Config\Cache), false)
10 FCPATH\index.php(79): CodeIgniter\CodeIgniter->run()
11 SYSTEMPATH\Commands\Server\rewrite.php(47): require_once('C:\\xampp\\htdocs\\examples\\public\\index.php')
CRITICAL - 2024-02-26 14:12:39 --> ErrorException: require(./Methodvigenere.php): Failed to open stream: No such file or directory
in APPPATH\Views\VigenereCipher\index.php on line 3.
 1 APPPATH\Views\VigenereCipher\index.php(3): CodeIgniter\Debug\Exceptions->errorHandler(2, 'require(./Methodvigenere.php): Failed to open stream: No such file or directory', 'C:\\xampp\\htdocs\\examples\\app\\Views\\VigenereCipher\\index.php', 3)
 2 APPPATH\Views\VigenereCipher\index.php(3): require()
 3 SYSTEMPATH\View\View.php(228): include('C:\\xampp\\htdocs\\examples\\app\\Views\\VigenereCipher\\index.php')
 4 SYSTEMPATH\View\View.php(231): CodeIgniter\View\View->CodeIgniter\View\{closure}()
 5 SYSTEMPATH\Common.php(1178): CodeIgniter\View\View->render('VigenereCipher/index', [], true)
 6 APPPATH\Controllers\VigenereCipher.php(20): view('VigenereCipher/index', [...])
 7 SYSTEMPATH\CodeIgniter.php(941): App\Controllers\VigenereCipher->index()
 8 SYSTEMPATH\CodeIgniter.php(502): CodeIgniter\CodeIgniter->runController(Object(App\Controllers\VigenereCipher))
 9 SYSTEMPATH\CodeIgniter.php(361): CodeIgniter\CodeIgniter->handleRequest(null, Object(Config\Cache), false)
10 FCPATH\index.php(79): CodeIgniter\CodeIgniter->run()
11 SYSTEMPATH\Commands\Server\rewrite.php(47): require_once('C:\\xampp\\htdocs\\examples\\public\\index.php')
CRITICAL - 2024-02-26 14:15:33 --> ErrorException: require(./vigenere-cipher.php): Failed to open stream: No such file or directory
in APPPATH\Views\VigenereCipher\index.php on line 3.
 1 APPPATH\Views\VigenereCipher\index.php(3): CodeIgniter\Debug\Exceptions->errorHandler(2, 'require(./vigenere-cipher.php): Failed to open stream: No such file or directory', 'C:\\xampp\\htdocs\\examples\\app\\Views\\VigenereCipher\\index.php', 3)
 2 APPPATH\Views\VigenereCipher\index.php(3): require()
 3 SYSTEMPATH\View\View.php(228): include('C:\\xampp\\htdocs\\examples\\app\\Views\\VigenereCipher\\index.php')
 4 SYSTEMPATH\View\View.php(231): CodeIgniter\View\View->CodeIgniter\View\{closure}()
 5 SYSTEMPATH\Common.php(1178): CodeIgniter\View\View->render('VigenereCipher/index', [], true)
 6 APPPATH\Controllers\VigenereCipher.php(20): view('VigenereCipher/index', [...])
 7 SYSTEMPATH\CodeIgniter.php(941): App\Controllers\VigenereCipher->index()
 8 SYSTEMPATH\CodeIgniter.php(502): CodeIgniter\CodeIgniter->runController(Object(App\Controllers\VigenereCipher))
 9 SYSTEMPATH\CodeIgniter.php(361): CodeIgniter\CodeIgniter->handleRequest(null, Object(Config\Cache), false)
10 FCPATH\index.php(79): CodeIgniter\CodeIgniter->run()
11 SYSTEMPATH\Commands\Server\rewrite.php(47): require_once('C:\\xampp\\htdocs\\examples\\public\\index.php')
CRITICAL - 2024-02-26 14:19:10 --> ErrorException: require(./vigenere-cipher.php): Failed to open stream: No such file or directory
in APPPATH\Views\VigenereCipher\index.php on line 3.
 1 APPPATH\Views\VigenereCipher\index.php(3): CodeIgniter\Debug\Exceptions->errorHandler(2, 'require(./vigenere-cipher.php): Failed to open stream: No such file or directory', 'C:\\xampp\\htdocs\\examples\\app\\Views\\VigenereCipher\\index.php', 3)
 2 APPPATH\Views\VigenereCipher\index.php(3): require()
 3 SYSTEMPATH\View\View.php(228): include('C:\\xampp\\htdocs\\examples\\app\\Views\\VigenereCipher\\index.php')
 4 SYSTEMPATH\View\View.php(231): CodeIgniter\View\View->CodeIgniter\View\{closure}()
 5 SYSTEMPATH\Common.php(1178): CodeIgniter\View\View->render('VigenereCipher/index', [], true)
 6 APPPATH\Controllers\VigenereCipher.php(20): view('VigenereCipher/index', [...])
 7 SYSTEMPATH\CodeIgniter.php(941): App\Controllers\VigenereCipher->index()
 8 SYSTEMPATH\CodeIgniter.php(502): CodeIgniter\CodeIgniter->runController(Object(App\Controllers\VigenereCipher))
 9 SYSTEMPATH\CodeIgniter.php(361): CodeIgniter\CodeIgniter->handleRequest(null, Object(Config\Cache), false)
10 FCPATH\index.php(79): CodeIgniter\CodeIgniter->run()
11 SYSTEMPATH\Commands\Server\rewrite.php(47): require_once('C:\\xampp\\htdocs\\examples\\public\\index.php')
CRITICAL - 2024-02-26 14:42:27 --> ErrorException: Undefined variable $plainText
in APPPATH\Controllers\VigenereCipher.php on line 34.
 1 APPPATH\Controllers\VigenereCipher.php(34): CodeIgniter\Debug\Exceptions->errorHandler(2, 'Undefined variable $plainText', 'C:\\xampp\\htdocs\\examples\\app\\Controllers\\VigenereCipher.php', 34)
 2 SYSTEMPATH\CodeIgniter.php(941): App\Controllers\VigenereCipher->encryptvigenerecipher()
 3 SYSTEMPATH\CodeIgniter.php(502): CodeIgniter\CodeIgniter->runController(Object(App\Controllers\VigenereCipher))
 4 SYSTEMPATH\CodeIgniter.php(361): CodeIgniter\CodeIgniter->handleRequest(null, Object(Config\Cache), false)
 5 FCPATH\index.php(79): CodeIgniter\CodeIgniter->run()
 6 SYSTEMPATH\Commands\Server\rewrite.php(47): require_once('C:\\xampp\\htdocs\\examples\\public\\index.php')
CRITICAL - 2024-02-26 14:44:00 --> Error: Class "App\Controllers\Vigenere" not found
in APPPATH\Controllers\VigenereCipher.php on line 35.
 1 SYSTEMPATH\CodeIgniter.php(941): App\Controllers\VigenereCipher->encryptvigenerecipher()
 2 SYSTEMPATH\CodeIgniter.php(502): CodeIgniter\CodeIgniter->runController(Object(App\Controllers\VigenereCipher))
 3 SYSTEMPATH\CodeIgniter.php(361): CodeIgniter\CodeIgniter->handleRequest(null, Object(Config\Cache), false)
 4 FCPATH\index.php(79): CodeIgniter\CodeIgniter->run()
 5 SYSTEMPATH\Commands\Server\rewrite.php(47): require_once('C:\\xampp\\htdocs\\examples\\public\\index.php')
CRITICAL - 2024-02-26 14:45:06 --> ErrorException: file_put_contents(C:\xampp\htdocs\examples\app\Controllers/../uploads/encrypt.txt): Failed to open stream: No such file or directory
in APPPATH\Controllers\VigenereCipher.php on line 85.
 1 [internal function]: CodeIgniter\Debug\Exceptions->errorHandler(2, 'file_put_contents(C:\\xampp\\htdocs\\examples\\app\\Controllers/../uploads/encrypt.txt): Failed to open stream: No such file or directory', 'C:\\xampp\\htdocs\\examples\\app\\Controllers\\VigenereCipher.php', 85)
 2 APPPATH\Controllers\VigenereCipher.php(85): file_put_contents('C:\\xampp\\htdocs\\examples\\app\\Controllers/../uploads/encrypt.txt', 'leehhxkdeadeg')
 3 SYSTEMPATH\CodeIgniter.php(941): App\Controllers\VigenereCipher->encryptvigenerecipher()
 4 SYSTEMPATH\CodeIgniter.php(502): CodeIgniter\CodeIgniter->runController(Object(App\Controllers\VigenereCipher))
 5 SYSTEMPATH\CodeIgniter.php(361): CodeIgniter\CodeIgniter->handleRequest(null, Object(Config\Cache), false)
 6 FCPATH\index.php(79): CodeIgniter\CodeIgniter->run()
 7 SYSTEMPATH\Commands\Server\rewrite.php(47): require_once('C:\\xampp\\htdocs\\examples\\public\\index.php')
CRITICAL - 2024-02-26 14:54:20 --> ErrorException: Undefined property: App\Controllers\VigenereCipher::$session
in APPPATH\Controllers\VigenereCipher.php on line 78.
 1 APPPATH\Controllers\VigenereCipher.php(78): CodeIgniter\Debug\Exceptions->errorHandler(2, 'Undefined property: App\\Controllers\\VigenereCipher::$session', 'C:\\xampp\\htdocs\\examples\\app\\Controllers\\VigenereCipher.php', 78)
 2 SYSTEMPATH\CodeIgniter.php(941): App\Controllers\VigenereCipher->encryptvigenerecipher()
 3 SYSTEMPATH\CodeIgniter.php(502): CodeIgniter\CodeIgniter->runController(Object(App\Controllers\VigenereCipher))
 4 SYSTEMPATH\CodeIgniter.php(361): CodeIgniter\CodeIgniter->handleRequest(null, Object(Config\Cache), false)
 5 FCPATH\index.php(79): CodeIgniter\CodeIgniter->run()
 6 SYSTEMPATH\Commands\Server\rewrite.php(47): require_once('C:\\xampp\\htdocs\\examples\\public\\index.php')
CRITICAL - 2024-02-26 14:54:59 --> ErrorException: Undefined property: App\Controllers\VigenereCipher::$session
in APPPATH\Controllers\VigenereCipher.php on line 78.
 1 APPPATH\Controllers\VigenereCipher.php(78): CodeIgniter\Debug\Exceptions->errorHandler(2, 'Undefined property: App\\Controllers\\VigenereCipher::$session', 'C:\\xampp\\htdocs\\examples\\app\\Controllers\\VigenereCipher.php', 78)
 2 SYSTEMPATH\CodeIgniter.php(941): App\Controllers\VigenereCipher->encryptvigenerecipher()
 3 SYSTEMPATH\CodeIgniter.php(502): CodeIgniter\CodeIgniter->runController(Object(App\Controllers\VigenereCipher))
 4 SYSTEMPATH\CodeIgniter.php(361): CodeIgniter\CodeIgniter->handleRequest(null, Object(Config\Cache), false)
 5 FCPATH\index.php(79): CodeIgniter\CodeIgniter->run()
 6 SYSTEMPATH\Commands\Server\rewrite.php(47): require_once('C:\\xampp\\htdocs\\examples\\public\\index.php')
INFO - 2024-02-26 14:56:12 --> Session: Class initialized using 'CodeIgniter\Session\Handlers\FileHandler' driver.
INFO - 2024-02-26 14:56:17 --> Session: Class initialized using 'CodeIgniter\Session\Handlers\FileHandler' driver.
INFO - 2024-02-26 14:56:21 --> Session: Class initialized using 'CodeIgniter\Session\Handlers\FileHandler' driver.
INFO - 2024-02-26 14:59:45 --> Session: Class initialized using 'CodeIgniter\Session\Handlers\FileHandler' driver.
INFO - 2024-02-26 14:59:47 --> Session: Class initialized using 'CodeIgniter\Session\Handlers\FileHandler' driver.
INFO - 2024-02-26 14:59:49 --> Session: Class initialized using 'CodeIgniter\Session\Handlers\FileHandler' driver.
INFO - 2024-02-26 15:03:37 --> Session: Class initialized using 'CodeIgniter\Session\Handlers\FileHandler' driver.
INFO - 2024-02-26 15:03:39 --> Session: Class initialized using 'CodeIgniter\Session\Handlers\FileHandler' driver.
INFO - 2024-02-26 15:03:41 --> Session: Class initialized using 'CodeIgniter\Session\Handlers\FileHandler' driver.
INFO - 2024-02-26 15:04:43 --> Session: Class initialized using 'CodeIgniter\Session\Handlers\FileHandler' driver.
INFO - 2024-02-26 15:04:45 --> Session: Class initialized using 'CodeIgniter\Session\Handlers\FileHandler' driver.
INFO - 2024-02-26 15:04:51 --> Session: Class initialized using 'CodeIgniter\Session\Handlers\FileHandler' driver.
INFO - 2024-02-26 15:13:48 --> Session: Class initialized using 'CodeIgniter\Session\Handlers\FileHandler' driver.
INFO - 2024-02-26 15:13:50 --> Session: Class initialized using 'CodeIgniter\Session\Handlers\FileHandler' driver.
INFO - 2024-02-26 15:13:53 --> Session: Class initialized using 'CodeIgniter\Session\Handlers\FileHandler' driver.
INFO - 2024-02-26 15:15:02 --> Session: Class initialized using 'CodeIgniter\Session\Handlers\FileHandler' driver.
INFO - 2024-02-26 15:15:58 --> Session: Class initialized using 'CodeIgniter\Session\Handlers\FileHandler' driver.
INFO - 2024-02-26 15:18:53 --> Session: Class initialized using 'CodeIgniter\Session\Handlers\FileHandler' driver.
INFO - 2024-02-26 15:18:56 --> Session: Class initialized using 'CodeIgniter\Session\Handlers\FileHandler' driver.
INFO - 2024-02-26 15:20:34 --> Session: Class initialized using 'CodeIgniter\Session\Handlers\FileHandler' driver.
INFO - 2024-02-26 15:20:37 --> Session: Class initialized using 'CodeIgniter\Session\Handlers\FileHandler' driver.
CRITICAL - 2024-02-26 15:20:37 --> Error: Call to undefined function App\Controllers\write_file()
in APPPATH\Controllers\VigenereCipher.php on line 81.
 1 SYSTEMPATH\CodeIgniter.php(941): App\Controllers\VigenereCipher->encryptvigenerecipher()
 2 SYSTEMPATH\CodeIgniter.php(502): CodeIgniter\CodeIgniter->runController(Object(App\Controllers\VigenereCipher))
 3 SYSTEMPATH\CodeIgniter.php(361): CodeIgniter\CodeIgniter->handleRequest(null, Object(Config\Cache), false)
 4 FCPATH\index.php(79): CodeIgniter\CodeIgniter->run()
 5 SYSTEMPATH\Commands\Server\rewrite.php(47): require_once('C:\\xampp\\htdocs\\examples\\public\\index.php')
INFO - 2024-02-26 15:21:10 --> Session: Class initialized using 'CodeIgniter\Session\Handlers\FileHandler' driver.
INFO - 2024-02-26 15:21:10 --> Session: Class initialized using 'CodeIgniter\Session\Handlers\FileHandler' driver.
INFO - 2024-02-26 15:21:16 --> Session: Class initialized using 'CodeIgniter\Session\Handlers\FileHandler' driver.
INFO - 2024-02-26 15:21:16 --> Session: Class initialized using 'CodeIgniter\Session\Handlers\FileHandler' driver.
INFO - 2024-02-26 15:25:19 --> Session: Class initialized using 'CodeIgniter\Session\Handlers\FileHandler' driver.
INFO - 2024-02-26 15:25:25 --> Session: Class initialized using 'CodeIgniter\Session\Handlers\FileHandler' driver.
INFO - 2024-02-26 15:25:25 --> Session: Class initialized using 'CodeIgniter\Session\Handlers\FileHandler' driver.
INFO - 2024-02-26 15:30:04 --> Session: Class initialized using 'CodeIgniter\Session\Handlers\FileHandler' driver.
INFO - 2024-02-26 15:30:04 --> Session: Class initialized using 'CodeIgniter\Session\Handlers\FileHandler' driver.
CRITICAL - 2024-02-26 15:30:04 --> ErrorException: Undefined property: CodeIgniter\View\View::$request
in APPPATH\Views\VigenereCipher\index.php on line 45.
 1 APPPATH\Views\VigenereCipher\index.php(45): CodeIgniter\Debug\Exceptions->errorHandler(2, 'Undefined property: CodeIgniter\\View\\View::$request', 'C:\\xampp\\htdocs\\examples\\app\\Views\\VigenereCipher\\index.php', 45)
 2 SYSTEMPATH\View\View.php(228): include('C:\\xampp\\htdocs\\examples\\app\\Views\\VigenereCipher\\index.php')
 3 SYSTEMPATH\View\View.php(231): CodeIgniter\View\View->CodeIgniter\View\{closure}()
 4 SYSTEMPATH\Common.php(1178): CodeIgniter\View\View->render('VigenereCipher/index', [], true)
 5 APPPATH\Controllers\VigenereCipher.php(21): view('VigenereCipher/index', [...])
 6 SYSTEMPATH\CodeIgniter.php(941): App\Controllers\VigenereCipher->index()
 7 SYSTEMPATH\CodeIgniter.php(502): CodeIgniter\CodeIgniter->runController(Object(App\Controllers\VigenereCipher))
 8 SYSTEMPATH\CodeIgniter.php(361): CodeIgniter\CodeIgniter->handleRequest(null, Object(Config\Cache), false)
 9 FCPATH\index.php(79): CodeIgniter\CodeIgniter->run()
10 SYSTEMPATH\Commands\Server\rewrite.php(47): require_once('C:\\xampp\\htdocs\\examples\\public\\index.php')
INFO - 2024-02-26 15:30:28 --> Session: Class initialized using 'CodeIgniter\Session\Handlers\FileHandler' driver.
CRITICAL - 2024-02-26 15:30:28 --> ErrorException: file_put_contents(C:\xampp\htdocs\examples\app\Views\VigenereCipher/../uploads/encrypt.txt): Failed to open stream: No such file or directory
in APPPATH\Views\VigenereCipher\index.php on line 45.
 1 [internal function]: CodeIgniter\Debug\Exceptions->errorHandler(2, 'file_put_contents(C:\\xampp\\htdocs\\examples\\app\\Views\\VigenereCipher/../uploads/encrypt.txt): Failed to open stream: No such file or directory', 'C:\\xampp\\htdocs\\examples\\app\\Views\\VigenereCipher\\index.php', 45)
 2 APPPATH\Views\VigenereCipher\index.php(45): file_put_contents('C:\\xampp\\htdocs\\examples\\app\\Views\\VigenereCipher/../uploads/encrypt.txt', 'Silahkan masukkan input')
 3 SYSTEMPATH\View\View.php(228): include('C:\\xampp\\htdocs\\examples\\app\\Views\\VigenereCipher\\index.php')
 4 SYSTEMPATH\View\View.php(231): CodeIgniter\View\View->CodeIgniter\View\{closure}()
 5 SYSTEMPATH\Common.php(1178): CodeIgniter\View\View->render('VigenereCipher/index', [], true)
 6 APPPATH\Controllers\VigenereCipher.php(21): view('VigenereCipher/index', [...])
 7 SYSTEMPATH\CodeIgniter.php(941): App\Controllers\VigenereCipher->index()
 8 SYSTEMPATH\CodeIgniter.php(502): CodeIgniter\CodeIgniter->runController(Object(App\Controllers\VigenereCipher))
 9 SYSTEMPATH\CodeIgniter.php(361): CodeIgniter\CodeIgniter->handleRequest(null, Object(Config\Cache), false)
10 FCPATH\index.php(79): CodeIgniter\CodeIgniter->run()
11 SYSTEMPATH\Commands\Server\rewrite.php(47): require_once('C:\\xampp\\htdocs\\examples\\public\\index.php')
INFO - 2024-02-26 15:34:43 --> Session: Class initialized using 'CodeIgniter\Session\Handlers\FileHandler' driver.
CRITICAL - 2024-02-26 15:34:43 --> ErrorException: file_put_contents(C:\xampp\htdocs\examples\app\Views\VigenereCipher/../uploads/encrypt.txt): Failed to open stream: No such file or directory
in APPPATH\Views\VigenereCipher\index.php on line 45.
 1 [internal function]: CodeIgniter\Debug\Exceptions->errorHandler(2, 'file_put_contents(C:\\xampp\\htdocs\\examples\\app\\Views\\VigenereCipher/../uploads/encrypt.txt): Failed to open stream: No such file or directory', 'C:\\xampp\\htdocs\\examples\\app\\Views\\VigenereCipher\\index.php', 45)
 2 APPPATH\Views\VigenereCipher\index.php(45): file_put_contents('C:\\xampp\\htdocs\\examples\\app\\Views\\VigenereCipher/../uploads/encrypt.txt', 'Silahkan masukkan input')
 3 SYSTEMPATH\View\View.php(228): include('C:\\xampp\\htdocs\\examples\\app\\Views\\VigenereCipher\\index.php')
 4 SYSTEMPATH\View\View.php(231): CodeIgniter\View\View->CodeIgniter\View\{closure}()
 5 SYSTEMPATH\Common.php(1178): CodeIgniter\View\View->render('VigenereCipher/index', [], true)
 6 APPPATH\Controllers\VigenereCipher.php(21): view('VigenereCipher/index', [...])
 7 SYSTEMPATH\CodeIgniter.php(941): App\Controllers\VigenereCipher->index()
 8 SYSTEMPATH\CodeIgniter.php(502): CodeIgniter\CodeIgniter->runController(Object(App\Controllers\VigenereCipher))
 9 SYSTEMPATH\CodeIgniter.php(361): CodeIgniter\CodeIgniter->handleRequest(null, Object(Config\Cache), false)
10 FCPATH\index.php(79): CodeIgniter\CodeIgniter->run()
11 SYSTEMPATH\Commands\Server\rewrite.php(47): require_once('C:\\xampp\\htdocs\\examples\\public\\index.php')
INFO - 2024-02-26 15:35:07 --> Session: Class initialized using 'CodeIgniter\Session\Handlers\FileHandler' driver.
INFO - 2024-02-26 15:35:10 --> Session: Class initialized using 'CodeIgniter\Session\Handlers\FileHandler' driver.
INFO - 2024-02-26 15:35:10 --> Session: Class initialized using 'CodeIgniter\Session\Handlers\FileHandler' driver.
INFO - 2024-02-26 17:45:53 --> Session: Class initialized using 'CodeIgniter\Session\Handlers\FileHandler' driver.
INFO - 2024-02-26 17:58:46 --> Session: Class initialized using 'CodeIgniter\Session\Handlers\FileHandler' driver.
INFO - 2024-02-26 17:59:09 --> Session: Class initialized using 'CodeIgniter\Session\Handlers\FileHandler' driver.
INFO - 2024-02-26 17:59:10 --> Session: Class initialized using 'CodeIgniter\Session\Handlers\FileHandler' driver.
INFO - 2024-02-26 17:59:22 --> Session: Class initialized using 'CodeIgniter\Session\Handlers\FileHandler' driver.
INFO - 2024-02-26 17:59:22 --> Session: Class initialized using 'CodeIgniter\Session\Handlers\FileHandler' driver.
INFO - 2024-02-26 18:00:08 --> Session: Class initialized using 'CodeIgniter\Session\Handlers\FileHandler' driver.
INFO - 2024-02-26 18:00:12 --> Session: Class initialized using 'CodeIgniter\Session\Handlers\FileHandler' driver.
INFO - 2024-02-26 18:00:12 --> Session: Class initialized using 'CodeIgniter\Session\Handlers\FileHandler' driver.
INFO - 2024-02-26 18:10:19 --> Session: Class initialized using 'CodeIgniter\Session\Handlers\FileHandler' driver.
INFO - 2024-02-26 18:10:40 --> Session: Class initialized using 'CodeIgniter\Session\Handlers\FileHandler' driver.
INFO - 2024-02-26 18:10:50 --> Session: Class initialized using 'CodeIgniter\Session\Handlers\FileHandler' driver.
INFO - 2024-02-26 18:10:51 --> Session: Class initialized using 'CodeIgniter\Session\Handlers\FileHandler' driver.
CRITICAL - 2024-02-26 18:12:10 --> ErrorException: Uninitialized string offset 0
in APPPATH\Controllers\PlayfairCipher.php on line 170.
 1 APPPATH\Controllers\PlayfairCipher.php(170): CodeIgniter\Debug\Exceptions->errorHandler(2, 'Uninitialized string offset 0', 'C:\\xampp\\htdocs\\examples\\app\\Controllers\\PlayfairCipher.php', 170)
 2 APPPATH\Controllers\PlayfairCipher.php(144): App\Controllers\PlayfairCipher->decryptPair('', [...])
 3 SYSTEMPATH\CodeIgniter.php(941): App\Controllers\PlayfairCipher->decryptPlayfairCipher()
 4 SYSTEMPATH\CodeIgniter.php(502): CodeIgniter\CodeIgniter->runController(Object(App\Controllers\PlayfairCipher))
 5 SYSTEMPATH\CodeIgniter.php(361): CodeIgniter\CodeIgniter->handleRequest(null, Object(Config\Cache), false)
 6 FCPATH\index.php(79): CodeIgniter\CodeIgniter->run()
 7 SYSTEMPATH\Commands\Server\rewrite.php(47): require_once('C:\\xampp\\htdocs\\examples\\public\\index.php')
INFO - 2024-02-26 18:16:34 --> Session: Class initialized using 'CodeIgniter\Session\Handlers\FileHandler' driver.
INFO - 2024-02-26 18:16:34 --> Session: Class initialized using 'CodeIgniter\Session\Handlers\FileHandler' driver.
INFO - 2024-02-26 18:16:41 --> Session: Class initialized using 'CodeIgniter\Session\Handlers\FileHandler' driver.
INFO - 2024-02-26 18:16:41 --> Session: Class initialized using 'CodeIgniter\Session\Handlers\FileHandler' driver.
INFO - 2024-02-26 18:16:51 --> Session: Class initialized using 'CodeIgniter\Session\Handlers\FileHandler' driver.
INFO - 2024-02-26 18:16:51 --> Session: Class initialized using 'CodeIgniter\Session\Handlers\FileHandler' driver.
INFO - 2024-02-26 18:17:00 --> Session: Class initialized using 'CodeIgniter\Session\Handlers\FileHandler' driver.
INFO - 2024-02-26 18:17:00 --> Session: Class initialized using 'CodeIgniter\Session\Handlers\FileHandler' driver.
INFO - 2024-02-26 18:19:14 --> Session: Class initialized using 'CodeIgniter\Session\Handlers\FileHandler' driver.
INFO - 2024-02-26 18:19:20 --> Session: Class initialized using 'CodeIgniter\Session\Handlers\FileHandler' driver.
INFO - 2024-02-26 18:19:20 --> Session: Class initialized using 'CodeIgniter\Session\Handlers\FileHandler' driver.
INFO - 2024-02-26 18:19:32 --> Session: Class initialized using 'CodeIgniter\Session\Handlers\FileHandler' driver.
INFO - 2024-02-26 18:19:32 --> Session: Class initialized using 'CodeIgniter\Session\Handlers\FileHandler' driver.
INFO - 2024-02-26 18:19:36 --> Session: Class initialized using 'CodeIgniter\Session\Handlers\FileHandler' driver.
INFO - 2024-02-26 18:19:36 --> Session: Class initialized using 'CodeIgniter\Session\Handlers\FileHandler' driver.
INFO - 2024-02-26 18:19:46 --> Session: Class initialized using 'CodeIgniter\Session\Handlers\FileHandler' driver.
INFO - 2024-02-26 18:19:46 --> Session: Class initialized using 'CodeIgniter\Session\Handlers\FileHandler' driver.
INFO - 2024-02-26 18:20:57 --> Session: Class initialized using 'CodeIgniter\Session\Handlers\FileHandler' driver.
INFO - 2024-02-26 18:20:57 --> Session: Class initialized using 'CodeIgniter\Session\Handlers\FileHandler' driver.
INFO - 2024-02-26 18:21:01 --> Session: Class initialized using 'CodeIgniter\Session\Handlers\FileHandler' driver.
INFO - 2024-02-26 18:21:05 --> Session: Class initialized using 'CodeIgniter\Session\Handlers\FileHandler' driver.
INFO - 2024-02-26 18:21:05 --> Session: Class initialized using 'CodeIgniter\Session\Handlers\FileHandler' driver.
INFO - 2024-02-26 18:23:12 --> Session: Class initialized using 'CodeIgniter\Session\Handlers\FileHandler' driver.
INFO - 2024-02-26 18:23:12 --> Session: Class initialized using 'CodeIgniter\Session\Handlers\FileHandler' driver.
INFO - 2024-02-26 18:40:37 --> Session: Class initialized using 'CodeIgniter\Session\Handlers\FileHandler' driver.
INFO - 2024-02-26 18:40:39 --> Session: Class initialized using 'CodeIgniter\Session\Handlers\FileHandler' driver.
INFO - 2024-02-26 18:40:41 --> Session: Class initialized using 'CodeIgniter\Session\Handlers\FileHandler' driver.
INFO - 2024-02-26 18:40:48 --> Session: Class initialized using 'CodeIgniter\Session\Handlers\FileHandler' driver.
INFO - 2024-02-26 18:40:48 --> Session: Class initialized using 'CodeIgniter\Session\Handlers\FileHandler' driver.
INFO - 2024-02-26 18:41:01 --> Session: Class initialized using 'CodeIgniter\Session\Handlers\FileHandler' driver.
INFO - 2024-02-26 18:41:01 --> Session: Class initialized using 'CodeIgniter\Session\Handlers\FileHandler' driver.
INFO - 2024-02-26 18:41:58 --> Session: Class initialized using 'CodeIgniter\Session\Handlers\FileHandler' driver.
INFO - 2024-02-26 18:42:02 --> Session: Class initialized using 'CodeIgniter\Session\Handlers\FileHandler' driver.
INFO - 2024-02-26 18:42:02 --> Session: Class initialized using 'CodeIgniter\Session\Handlers\FileHandler' driver.
INFO - 2024-02-26 18:42:11 --> Session: Class initialized using 'CodeIgniter\Session\Handlers\FileHandler' driver.
INFO - 2024-02-26 18:42:12 --> Session: Class initialized using 'CodeIgniter\Session\Handlers\FileHandler' driver.
INFO - 2024-02-26 18:44:08 --> Session: Class initialized using 'CodeIgniter\Session\Handlers\FileHandler' driver.
INFO - 2024-02-26 18:44:08 --> Session: Class initialized using 'CodeIgniter\Session\Handlers\FileHandler' driver.
INFO - 2024-02-26 18:44:18 --> Session: Class initialized using 'CodeIgniter\Session\Handlers\FileHandler' driver.
INFO - 2024-02-26 18:44:18 --> Session: Class initialized using 'CodeIgniter\Session\Handlers\FileHandler' driver.
INFO - 2024-02-26 18:46:04 --> Session: Class initialized using 'CodeIgniter\Session\Handlers\FileHandler' driver.
INFO - 2024-02-26 18:46:05 --> Session: Class initialized using 'CodeIgniter\Session\Handlers\FileHandler' driver.
INFO - 2024-02-26 18:46:09 --> Session: Class initialized using 'CodeIgniter\Session\Handlers\FileHandler' driver.
INFO - 2024-02-26 18:46:13 --> Session: Class initialized using 'CodeIgniter\Session\Handlers\FileHandler' driver.
INFO - 2024-02-26 18:46:13 --> Session: Class initialized using 'CodeIgniter\Session\Handlers\FileHandler' driver.
INFO - 2024-02-26 18:47:42 --> Session: Class initialized using 'CodeIgniter\Session\Handlers\FileHandler' driver.
INFO - 2024-02-26 18:47:42 --> Session: Class initialized using 'CodeIgniter\Session\Handlers\FileHandler' driver.
INFO - 2024-02-26 18:47:46 --> Session: Class initialized using 'CodeIgniter\Session\Handlers\FileHandler' driver.
INFO - 2024-02-26 18:47:51 --> Session: Class initialized using 'CodeIgniter\Session\Handlers\FileHandler' driver.
INFO - 2024-02-26 18:47:51 --> Session: Class initialized using 'CodeIgniter\Session\Handlers\FileHandler' driver.
INFO - 2024-02-26 18:47:57 --> Session: Class initialized using 'CodeIgniter\Session\Handlers\FileHandler' driver.
INFO - 2024-02-26 18:47:57 --> Session: Class initialized using 'CodeIgniter\Session\Handlers\FileHandler' driver.
INFO - 2024-02-26 18:48:04 --> Session: Class initialized using 'CodeIgniter\Session\Handlers\FileHandler' driver.
INFO - 2024-02-26 18:48:04 --> Session: Class initialized using 'CodeIgniter\Session\Handlers\FileHandler' driver.
INFO - 2024-02-26 18:48:18 --> Session: Class initialized using 'CodeIgniter\Session\Handlers\FileHandler' driver.
INFO - 2024-02-26 18:48:18 --> Session: Class initialized using 'CodeIgniter\Session\Handlers\FileHandler' driver.
